<?xml version="1.0" encoding="UTF-8"?>
<testng-results ignored="0" total="1" passed="1" failed="0" skipped="0">
  <reporter-output>
  </reporter-output>
  <suite started-at="2023-03-06T14:04:44 IST" name="Default suite" finished-at="2023-03-06T14:05:12 IST" duration-ms="28339">
    <groups>
    </groups>
    <test started-at="2023-03-06T14:04:44 IST" name="Default test" finished-at="2023-03-06T14:05:12 IST" duration-ms="28339">
      <class name="com.Shopping.Testcases.LoginPageTest">
        <test-method is-config="true" signature="setup()[pri:0, instance:com.Shopping.Testcases.LoginPageTest@201a4587]" started-at="2023-03-06T14:04:44 IST" name="setup" finished-at="2023-03-06T14:05:05 IST" duration-ms="21430" status="PASS">
          <reporter-output>
          </reporter-output>
        </test-method> <!-- setup -->
        <test-method signature="VerifyValidLogin()[pri:0, instance:com.Shopping.Testcases.LoginPageTest@201a4587]" started-at="2023-03-06T14:05:05 IST" name="VerifyValidLogin" finished-at="2023-03-06T14:05:12 IST" duration-ms="6195" status="PASS">
          <reporter-output>
          </reporter-output>
        </test-method> <!-- VerifyValidLogin -->
        <test-method is-config="true" signature="teradown()[pri:0, instance:com.Shopping.Testcases.LoginPageTest@201a4587]" started-at="2023-03-06T14:05:12 IST" name="teradown" finished-at="2023-03-06T14:05:12 IST" duration-ms="618" status="PASS">
          <reporter-output>
          </reporter-output>
        </test-method> <!-- teradown -->
      </class> <!-- com.Shopping.Testcases.LoginPageTest -->
    </test> <!-- Default test -->
  </suite> <!-- Default suite -->
</testng-results>
